Arguments: 
  /usr/local/bin/node /opt/local/libexec/yarn/bin/yarn.js install

PATH: 
  /Users/edward/exec -l /bin/bash/google-cloud-sdk/bin:/Users/edward/miniconda3/bin:/Users/edward/miniconda3/condabin:/usr/local/bin:/opt/local/bin:/opt/local/sbin:/usr/local/bin:/usr/bin:/bin:/usr/sbin:/sbin:/opt/X11/bin

Yarn version: 
  1.12.1

Node version: 
  12.14.1

Platform: 
  darwin x64

Trace: 
  SyntaxError: /Users/edward/Documents/Design/Site Web Personel React/package.json: Unexpected token } in JSON at position 563
      at JSON.parse (<anonymous>)
      at /opt/local/libexec/yarn/lib/cli.js:1166:59
      at Generator.next (<anonymous>)
      at step (/opt/local/libexec/yarn/lib/cli.js:92:30)
      at /opt/local/libexec/yarn/lib/cli.js:103:13

npm manifest: 
  {
    "name": "hectiq-graph",
    "homepage": "https://graph.hectiq.ai",
    "version": "0.0.0",
    "private": true,
    "license": "MIT",
    "dependencies": {
      "moment": "^2.24.0",
      "node-sass": "^4.13.1",
      "normalize.css": "^8.0.1",
      "prismic-reactjs": "^1.2.0",
      "prop-types": "^15.6.1",
      "react": "^16.2.0",
      "react-addons-update": "^15.6.2",
      "react-dom": "^16.2.0",
      "react-dom-factories": "^1.0.2",
      "react-router-dom": "^5.0.0",
      "react-scripts": "^2.0.3",
      "react-select": "^3.0.8",
      "react-syntax-highlighter": "^12.2.1",
    },
    "scripts": {
      "start": "react-scripts start",
      "watch": "react-scripts start --watch",
      "build": "react-scripts build",
      "test": "react-scripts test --env=jsdom",
      "eject": "react-scripts eject",
      "predeploy": "npm run build",
      "deploy": "gh-pages -d build"
    },
    "devDependencies": {
      "faker": "^4.1.0"
    },
    "browserslist": [
      ">0.2%",
      "not dead",
      "not ie <= 11",
      "not op_mini all"
    ]
  }

yarn manifest: 
  No manifest

Lockfile: 
  No lockfile
